Determining if the pthread_create exist failed with the following output:
Change Dir: /home/ranhao/ros_ws/src/Tool_tracking/tool_model/cmake-build-debug/CMakeFiles/CMakeTmp

Run Build Command:"/usr/bin/make" "cmTC_b736a/fast"
/usr/bin/make -f CMakeFiles/cmTC_b736a.dir/build.make CMakeFiles/cmTC_b736a.dir/build
make[1]: Entering directory `/home/ranhao/ros_ws/src/Tool_tracking/tool_model/cmake-build-debug/CMakeFiles/CMakeTmp'
Building C object CMakeFiles/cmTC_b736a.dir/CheckSymbolExists.c.o
/usr/bin/cc     -o CMakeFiles/cmTC_b736a.dir/CheckSymbolExists.c.o   -c /home/ranhao/ros_ws/src/Tool_tracking/tool_model/cmake-build-debug/CMakeFiles/CMakeTmp/CheckSymbolExists.c
Linking C executable cmTC_b736a
/home/ranhao/Documents/clion-2016.3.3/bin/cmake/bin/cmake -E cmake_link_script CMakeFiles/cmTC_b736a.dir/link.txt --verbose=1
/usr/bin/cc       CMakeFiles/cmTC_b736a.dir/CheckSymbolExists.c.o  -o cmTC_b736a -rdynamic 
CMakeFiles/cmTC_b736a.dir/CheckSymbolExists.c.o: In function `main':
CheckSymbolExists.c:(.text+0x16): undefined reference to `pthread_create'
collect2: error: ld returned 1 exit status
make[1]: *** [cmTC_b736a] Error 1
make[1]: Leaving directory `/home/ranhao/ros_ws/src/Tool_tracking/tool_model/cmake-build-debug/CMakeFiles/CMakeTmp'
make: *** [cmTC_b736a/fast] Error 2

File /home/ranhao/ros_ws/src/Tool_tracking/tool_model/cmake-build-debug/CMakeFiles/CMakeTmp/CheckSymbolExists.c:
/* */
#include <pthread.h>

int main(int argc, char** argv)
{
  (void)argv;
#ifndef pthread_create
  return ((int*)(&pthread_create))[argc];
#else
  (void)argc;
  return 0;
#endif
}

Determining if the function pthread_create exists in the pthreads failed with the following output:
Change Dir: /home/ranhao/ros_ws/src/Tool_tracking/tool_model/cmake-build-debug/CMakeFiles/CMakeTmp

Run Build Command:"/usr/bin/make" "cmTC_da141/fast"
/usr/bin/make -f CMakeFiles/cmTC_da141.dir/build.make CMakeFiles/cmTC_da141.dir/build
make[1]: Entering directory `/home/ranhao/ros_ws/src/Tool_tracking/tool_model/cmake-build-debug/CMakeFiles/CMakeTmp'
Building C object CMakeFiles/cmTC_da141.dir/CheckFunctionExists.c.o
/usr/bin/cc    -DCHECK_FUNCTION_EXISTS=pthread_create   -o CMakeFiles/cmTC_da141.dir/CheckFunctionExists.c.o   -c /home/ranhao/Documents/clion-2016.3.3/bin/cmake/share/cmake-3.6/Modules/CheckFunctionExists.c
Linking C executable cmTC_da141
/home/ranhao/Documents/clion-2016.3.3/bin/cmake/bin/cmake -E cmake_link_script CMakeFiles/cmTC_da141.dir/link.txt --verbose=1
/usr/bin/cc   -DCHECK_FUNCTION_EXISTS=pthread_create    CMakeFiles/cmTC_da141.dir/CheckFunctionExists.c.o  -o cmTC_da141 -rdynamic -lpthreads 
/usr/bin/ld: cannot find -lpthreads
collect2: error: ld returned 1 exit status
make[1]: *** [cmTC_da141] Error 1
make[1]: Leaving directory `/home/ranhao/ros_ws/src/Tool_tracking/tool_model/cmake-build-debug/CMakeFiles/CMakeTmp'
make: *** [cmTC_da141/fast] Error 2


