Determining if the pthread_create exist failed with the following output:
Change Dir: /home/ranhao/ros_ws/Tool_tracking/tool_tracking/cmake-build-debug/CMakeFiles/CMakeTmp

Run Build Command:"/usr/bin/make" "cmTC_92d65/fast"
/usr/bin/make -f CMakeFiles/cmTC_92d65.dir/build.make CMakeFiles/cmTC_92d65.dir/build
make[1]: Entering directory `/home/ranhao/ros_ws/Tool_tracking/tool_tracking/cmake-build-debug/CMakeFiles/CMakeTmp'
Building C object CMakeFiles/cmTC_92d65.dir/CheckSymbolExists.c.o
/usr/bin/cc     -o CMakeFiles/cmTC_92d65.dir/CheckSymbolExists.c.o   -c /home/ranhao/ros_ws/Tool_tracking/tool_tracking/cmake-build-debug/CMakeFiles/CMakeTmp/CheckSymbolExists.c
Linking C executable cmTC_92d65
/home/ranhao/Documents/clion-2016.3.3/bin/cmake/bin/cmake -E cmake_link_script CMakeFiles/cmTC_92d65.dir/link.txt --verbose=1
/usr/bin/cc       CMakeFiles/cmTC_92d65.dir/CheckSymbolExists.c.o  -o cmTC_92d65 -rdynamic 
CMakeFiles/cmTC_92d65.dir/CheckSymbolExists.c.o: In function `main':
CheckSymbolExists.c:(.text+0x16): undefined reference to `pthread_create'
collect2: error: ld returned 1 exit status
make[1]: *** [cmTC_92d65] Error 1
make[1]: Leaving directory `/home/ranhao/ros_ws/Tool_tracking/tool_tracking/cmake-build-debug/CMakeFiles/CMakeTmp'
make: *** [cmTC_92d65/fast] Error 2

File /home/ranhao/ros_ws/Tool_tracking/tool_tracking/cmake-build-debug/CMakeFiles/CMakeTmp/CheckSymbolExists.c:
/* */
#include <pthread.h>

int main(int argc, char** argv)
{
  (void)argv;
#ifndef pthread_create
  return ((int*)(&pthread_create))[argc];
#else
  (void)argc;
  return 0;
#endif
}

Determining if the function pthread_create exists in the pthreads failed with the following output:
Change Dir: /home/ranhao/ros_ws/Tool_tracking/tool_tracking/cmake-build-debug/CMakeFiles/CMakeTmp

Run Build Command:"/usr/bin/make" "cmTC_c370c/fast"
/usr/bin/make -f CMakeFiles/cmTC_c370c.dir/build.make CMakeFiles/cmTC_c370c.dir/build
make[1]: Entering directory `/home/ranhao/ros_ws/Tool_tracking/tool_tracking/cmake-build-debug/CMakeFiles/CMakeTmp'
Building C object CMakeFiles/cmTC_c370c.dir/CheckFunctionExists.c.o
/usr/bin/cc    -DCHECK_FUNCTION_EXISTS=pthread_create   -o CMakeFiles/cmTC_c370c.dir/CheckFunctionExists.c.o   -c /home/ranhao/Documents/clion-2016.3.3/bin/cmake/share/cmake-3.6/Modules/CheckFunctionExists.c
Linking C executable cmTC_c370c
/home/ranhao/Documents/clion-2016.3.3/bin/cmake/bin/cmake -E cmake_link_script CMakeFiles/cmTC_c370c.dir/link.txt --verbose=1
/usr/bin/cc   -DCHECK_FUNCTION_EXISTS=pthread_create    CMakeFiles/cmTC_c370c.dir/CheckFunctionExists.c.o  -o cmTC_c370c -rdynamic -lpthreads 
/usr/bin/ld: cannot find -lpthreads
collect2: error: ld returned 1 exit status
make[1]: *** [cmTC_c370c] Error 1
make[1]: Leaving directory `/home/ranhao/ros_ws/Tool_tracking/tool_tracking/cmake-build-debug/CMakeFiles/CMakeTmp'
make: *** [cmTC_c370c/fast] Error 2


